<?xml version="1.0" encoding="UTF-8"?>
<!-- Generated by org.testng.reporters.JUnitXMLReporter -->
<testsuite ignored="0" hostname="DESKTOP-DELL" failures="0" tests="4" name="Default test" time="77.668" errors="0" timestamp="2020-05-30T17:16:49 IST">
  <testcase classname="test.testSuite1" name="loginPage" time="14.234"/>
  <testcase classname="test.testSuite1" name="productSelection" time="6.499"/>
  <testcase classname="test.testSuite1" name="addToBasket" time="11.782"/>
  <testcase classname="test.testSuite1" name="comparePrice" time="2.128"/>
</testsuite> <!-- Default test -->
