<?xml version="1.0" encoding="UTF-8"?>
<testng-results ignored="0" total="4" passed="4" failed="0" skipped="0">
  <reporter-output>
    <line>
      <![CDATA[Product Title: Dettol Original Liquid Hand Wash Refill Hand Wash Pouch]]>
    </line>
    <line>
      <![CDATA[Product price: 109]]>
    </line>
    <line>
      <![CDATA[Delivery Charges: 50]]>
    </line>
    <line>
      <![CDATA[Delivery Charges + Product price = 159]]>
    </line>
    <line>
      <![CDATA[All price are same]]>
    </line>
    <line>
      <![CDATA[Total price for the product is equal to total amount to be paid]]>
    </line>
  </reporter-output>
  <suite started-at="2020-05-30T17:15:31 IST" name="Default suite" finished-at="2020-05-30T17:16:49 IST" duration-ms="77668">
    <groups>
    </groups>
    <test started-at="2020-05-30T17:15:31 IST" name="Default test" finished-at="2020-05-30T17:16:49 IST" duration-ms="77668">
      <class name="test.testSuite1">
        <test-method is-config="true" signature="openBrowser()[pri:0, instance:test.testSuite1@6bf0219d]" started-at="2020-05-30T17:15:31 IST" name="openBrowser" finished-at="2020-05-30T17:15:56 IST" duration-ms="24304" status="PASS">
          <reporter-output>
          </reporter-output>
        </test-method> <!-- openBrowser -->
        <test-method signature="loginPage()[pri:1, instance:test.testSuite1@6bf0219d]" started-at="2020-05-30T17:15:56 IST" name="loginPage" finished-at="2020-05-30T17:16:10 IST" duration-ms="14234" status="PASS">
          <reporter-output>
          </reporter-output>
        </test-method> <!-- loginPage -->
        <test-method signature="productSelection()[pri:2, instance:test.testSuite1@6bf0219d]" started-at="2020-05-30T17:16:10 IST" name="productSelection" finished-at="2020-05-30T17:16:17 IST" duration-ms="6499" status="PASS">
          <reporter-output>
            <line>
              <![CDATA[Product Title: Dettol Original Liquid Hand Wash Refill Hand Wash Pouch]]>
            </line>
            <line>
              <![CDATA[Product price: 109]]>
            </line>
          </reporter-output>
        </test-method> <!-- productSelection -->
        <test-method signature="addToBasket()[pri:3, instance:test.testSuite1@6bf0219d]" started-at="2020-05-30T17:16:17 IST" name="addToBasket" finished-at="2020-05-30T17:16:29 IST" duration-ms="11782" status="PASS">
          <reporter-output>
          </reporter-output>
        </test-method> <!-- addToBasket -->
        <test-method signature="comparePrice()[pri:4, instance:test.testSuite1@6bf0219d]" started-at="2020-05-30T17:16:29 IST" name="comparePrice" finished-at="2020-05-30T17:16:31 IST" duration-ms="2128" status="PASS">
          <reporter-output>
            <line>
              <![CDATA[Delivery Charges: 50]]>
            </line>
            <line>
              <![CDATA[Delivery Charges + Product price = 159]]>
            </line>
            <line>
              <![CDATA[All price are same]]>
            </line>
            <line>
              <![CDATA[Total price for the product is equal to total amount to be paid]]>
            </line>
          </reporter-output>
        </test-method> <!-- comparePrice -->
        <test-method is-config="true" signature="closeBrowser()[pri:0, instance:test.testSuite1@6bf0219d]" started-at="2020-05-30T17:16:31 IST" name="closeBrowser" finished-at="2020-05-30T17:16:49 IST" duration-ms="18081" status="PASS">
          <reporter-output>
          </reporter-output>
        </test-method> <!-- closeBrowser -->
      </class> <!-- test.testSuite1 -->
    </test> <!-- Default test -->
  </suite> <!-- Default suite -->
</testng-results>
